Using pre-set license
Built from '2020.2/release' branch; Version is '2020.2.0f1 (3721df5a8b28) revision 3613151'; Using compiler version '192528614'; Build Type 'Release'
OS: 'Windows 10  (10.0.0) 64bit' Language: 'en' Physical Memory: 16299 MB
BatchMode: 1, IsHumanControllingUs: 0, StartBugReporterOnCrash: 0, Is64bit: 1, IsPro: 0

 COMMAND LINE ARGUMENTS:
M:\Program Files\Unity Hub\Editor\2020.2.0f1\Editor\Unity.exe
-adb2
-batchMode
-noUpm
-name
AssetImportWorker0
-projectPath
R:/Documents/Unity Projects/Retro
-logFile
Logs/AssetImportWorker0.log
-srvPort
51883
Successfully changed project path to: R:/Documents/Unity Projects/Retro
R:/Documents/Unity Projects/Retro
Using Asset Import Pipeline V2.
Refreshing native plugins compatible for Editor in 435.60 ms, found 0 plugins.
Preloading 0 native plugins for Editor in 0.00 ms.
Initialize engine version: 2020.2.0f1 (3721df5a8b28)
[Subsystems] Discovering subsystems at path M:/Program Files/Unity Hub/Editor/2020.2.0f1/Editor/Data/Resources/UnitySubsystems
[Subsystems] Discovering subsystems at path R:/Documents/Unity Projects/Retro/Assets
GfxDevice: creating device client; threaded=0
Direct3D:
    Version:  Direct3D 11.0 [level 11.1]
    Renderer: NVIDIA GeForce GTX 1060 6GB (ID=0x1c03)
    Vendor:   
    VRAM:     6052 MB
    Driver:   30.0.14.7168
Shader 'Universal Render Pipeline/Particles/Lit': fallback shader 'Universal Render Pipeline/Particles/SimpleLit' not found
Initialize mono
Mono path[0] = 'M:/Program Files/Unity Hub/Editor/2020.2.0f1/Editor/Data/Managed'
Mono path[1] = 'M:/Program Files/Unity Hub/Editor/2020.2.0f1/Editor/Data/MonoBleedingEdge/lib/mono/unityjit'
Mono config path = 'M:/Program Files/Unity Hub/Editor/2020.2.0f1/Editor/Data/MonoBleedingEdge/etc'
Using monoOptions --debugger-agent=transport=dt_socket,embedding=1,server=y,suspend=n,address=127.0.0.1:56980
Begin MonoManager ReloadAssembly
Registering precompiled unity dll's ...
Register platform support module: M:/Program Files/Unity Hub/Editor/2020.2.0f1/Editor/Data/PlaybackEngines/WindowsStandaloneSupport/UnityEditor.WindowsStandalone.Extensions.dll
Registered in 0.002371 seconds.
Native extension for WindowsStandalone target not found
Refreshing native plugins compatible for Editor in 189.73 ms, found 0 plugins.
Preloading 0 native plugins for Editor in 0.00 ms.
Invoked RoslynAnalysisRunner static constructor.
RoslynAnalysisRunner will not be running.
RoslynAnalysisRunner has terminated.
Mono: successfully reloaded assembly
- Completed reload, in  2.689 seconds
Platform modules already initialized, skipping
Registering precompiled user dll's ...
Registered in 0.004131 seconds.
Begin MonoManager ReloadAssembly
Native extension for WindowsStandalone target not found
Refreshing native plugins compatible for Editor in 104.52 ms, found 0 plugins.
Preloading 0 native plugins for Editor in 0.00 ms.
Invoked RoslynAnalysisRunner static constructor.
RoslynAnalysisRunner will not be running.
RoslynAnalysisRunner has terminated.
Mono: successfully reloaded assembly
- Completed reload, in  2.622 seconds
Platform modules already initialized, skipping
========================================================================
Worker process is ready to serve import requests
Shader 'Universal Render Pipeline/Particles/Lit': fallback shader 'Universal Render Pipeline/Particles/SimpleLit' not found
Launched and connected shader compiler UnityShaderCompiler.exe after 0.12 seconds
Refreshing native plugins compatible for Editor in 1.13 ms, found 0 plugins.
Preloading 0 native plugins for Editor in 0.00 ms.
Unloading 3179 Unused Serialized files (Serialized files now loaded: 0)
System memory in use before: 147.3 MB.
System memory in use after: 147.5 MB.

Unloading 116 unused Assets to reduce memory usage. Loaded Objects now: 3608.
Total: 4.607500 ms (FindLiveObjects: 0.682600 ms CreateObjectMapping: 0.172100 ms MarkObjects: 3.492800 ms  DeleteObjects: 0.258400 ms)

========================================================================
Received Import Request.
  path: Assets/engines/pikmin/captain/CaptainMotorImpl.cs
  artifactKey: Guid(6f2da82e7e349294f9c77a9be895fed6) Importer(815301076,1909f56bfc062723c751e8b465ee728b)
Start importing Assets/engines/pikmin/captain/CaptainMotorImpl.cs using Guid(6f2da82e7e349294f9c77a9be895fed6) Importer(815301076,1909f56bfc062723c751e8b465ee728b)  -> (artifact id: '41b5904cfa62d054ae40e78bda2fcb3f') in 0.102233 seconds
  Import took 0.109663 seconds .

========================================================================
Received Import Request.
  Time since last request: 551.147936 seconds.
  path: Assets/engines/pikmin/captain/CaptainMotorImpl.cs
  artifactKey: Guid(6f2da82e7e349294f9c77a9be895fed6) Importer(815301076,1909f56bfc062723c751e8b465ee728b)
Start importing Assets/engines/pikmin/captain/CaptainMotorImpl.cs using Guid(6f2da82e7e349294f9c77a9be895fed6) Importer(815301076,1909f56bfc062723c751e8b465ee728b)  -> (artifact id: '12ddc0b3510489dac5c8a03cce10b4ca') in 0.033893 seconds
  Import took 0.043585 seconds .

========================================================================
Received Import Request.
  Time since last request: 11.421946 seconds.
  path: Assets/engines/pikmin/captain/CaptainMotorImpl.cs
  artifactKey: Guid(6f2da82e7e349294f9c77a9be895fed6) Importer(815301076,1909f56bfc062723c751e8b465ee728b)
Start importing Assets/engines/pikmin/captain/CaptainMotorImpl.cs using Guid(6f2da82e7e349294f9c77a9be895fed6) Importer(815301076,1909f56bfc062723c751e8b465ee728b)  -> (artifact id: '67fd29b0604839dc80b31abd8637ed81') in 0.034897 seconds
  Import took 0.043668 seconds .

========================================================================
Received Import Request.
  Time since last request: 10.674340 seconds.
  path: Assets/engines/pikmin/captain/CaptainMotorImpl.cs
  artifactKey: Guid(6f2da82e7e349294f9c77a9be895fed6) Importer(815301076,1909f56bfc062723c751e8b465ee728b)
Start importing Assets/engines/pikmin/captain/CaptainMotorImpl.cs using Guid(6f2da82e7e349294f9c77a9be895fed6) Importer(815301076,1909f56bfc062723c751e8b465ee728b)  -> (artifact id: '4f242fa4a8692e1035a3f958b5be5a83') in 0.054955 seconds
  Import took 0.063883 seconds .

========================================================================
Received Import Request.
  Time since last request: 1.218887 seconds.
  path: Assets/engines/pikmin/captain/CaptainMotorImpl.cs
  artifactKey: Guid(6f2da82e7e349294f9c77a9be895fed6) Importer(815301076,1909f56bfc062723c751e8b465ee728b)
Start importing Assets/engines/pikmin/captain/CaptainMotorImpl.cs using Guid(6f2da82e7e349294f9c77a9be895fed6) Importer(815301076,1909f56bfc062723c751e8b465ee728b)  -> (artifact id: '2e32d81bc105322c65e28a8b0a21e5f3') in 0.037257 seconds
  Import took 0.043928 seconds .

========================================================================
Received Import Request.
  Time since last request: 188.589697 seconds.
  path: Assets/engines/pikmin/captain/CaptainMotorImpl.cs
  artifactKey: Guid(6f2da82e7e349294f9c77a9be895fed6) Importer(815301076,1909f56bfc062723c751e8b465ee728b)
Start importing Assets/engines/pikmin/captain/CaptainMotorImpl.cs using Guid(6f2da82e7e349294f9c77a9be895fed6) Importer(815301076,1909f56bfc062723c751e8b465ee728b)  -> (artifact id: '775c17746ed4bc727cd987a953e71568') in 0.031556 seconds
  Import took 0.038908 seconds .

========================================================================
Received Import Request.
  Time since last request: 6.059591 seconds.
  path: Assets/engines/pikmin/captain/CaptainMotorImpl.cs
  artifactKey: Guid(6f2da82e7e349294f9c77a9be895fed6) Importer(815301076,1909f56bfc062723c751e8b465ee728b)
Start importing Assets/engines/pikmin/captain/CaptainMotorImpl.cs using Guid(6f2da82e7e349294f9c77a9be895fed6) Importer(815301076,1909f56bfc062723c751e8b465ee728b)  -> (artifact id: 'cac3a4789eae23ae8cce4121175baece') in 0.033033 seconds
  Import took 0.039981 seconds .

========================================================================
Received Import Request.
  Time since last request: 67.390616 seconds.
  path: Assets/engines/pikmin/captain/CaptainMotorImpl.cs
  artifactKey: Guid(6f2da82e7e349294f9c77a9be895fed6) Importer(815301076,1909f56bfc062723c751e8b465ee728b)
Start importing Assets/engines/pikmin/captain/CaptainMotorImpl.cs using Guid(6f2da82e7e349294f9c77a9be895fed6) Importer(815301076,1909f56bfc062723c751e8b465ee728b)  -> (artifact id: 'db693ec6b8be6afbb6055da0c4fc69cb') in 0.036329 seconds
  Import took 0.060206 seconds .

========================================================================
Received Import Request.
  Time since last request: 22.114005 seconds.
  path: Assets/engines/pikmin/captain/CaptainMotorImpl.cs
  artifactKey: Guid(6f2da82e7e349294f9c77a9be895fed6) Importer(815301076,1909f56bfc062723c751e8b465ee728b)
Start importing Assets/engines/pikmin/captain/CaptainMotorImpl.cs using Guid(6f2da82e7e349294f9c77a9be895fed6) Importer(815301076,1909f56bfc062723c751e8b465ee728b)  -> (artifact id: '9f7495faea54600985685133e997cf7b') in 0.032047 seconds
  Import took 0.038975 seconds .

========================================================================
Received Import Request.
  Time since last request: 22.738598 seconds.
  path: Assets/engines/pikmin/captain/CaptainMotorImpl.cs
  artifactKey: Guid(6f2da82e7e349294f9c77a9be895fed6) Importer(815301076,1909f56bfc062723c751e8b465ee728b)
Start importing Assets/engines/pikmin/captain/CaptainMotorImpl.cs using Guid(6f2da82e7e349294f9c77a9be895fed6) Importer(815301076,1909f56bfc062723c751e8b465ee728b)  -> (artifact id: '07ecf1d52fac1bfa9098378174939b79') in 0.031967 seconds
  Import took 0.038431 seconds .

========================================================================
Received Import Request.
  Time since last request: 17.363943 seconds.
  path: Assets/engines/pikmin/captain/cursor/CaptainCursorMotorImpl.cs
  artifactKey: Guid(6f2da82e7e349294f9c77a9be895fed6) Importer(815301076,1909f56bfc062723c751e8b465ee728b)
Start importing Assets/engines/pikmin/captain/cursor/CaptainCursorMotorImpl.cs using Guid(6f2da82e7e349294f9c77a9be895fed6) Importer(815301076,1909f56bfc062723c751e8b465ee728b)  -> (artifact id: '5bc4765c4cea3e4572be512a5605812e') in 0.043484 seconds
  Import took 0.050490 seconds .

========================================================================
Received Import Request.
  Time since last request: 21.902032 seconds.
  path: Assets/engines/pikmin/captain/cursor/CaptainCursorMotor.cs
  artifactKey: Guid(6f2da82e7e349294f9c77a9be895fed6) Importer(815301076,1909f56bfc062723c751e8b465ee728b)
Start importing Assets/engines/pikmin/captain/cursor/CaptainCursorMotor.cs using Guid(6f2da82e7e349294f9c77a9be895fed6) Importer(815301076,1909f56bfc062723c751e8b465ee728b)  -> (artifact id: '503975e101891f61bf96cabea381cf44') in 0.032848 seconds
  Import took 0.039294 seconds .

========================================================================
Received Import Request.
  Time since last request: 8.223104 seconds.
  path: Assets/engines/pikmin/captain/cursor/CaptainCursorMotor.cs
  artifactKey: Guid(6f2da82e7e349294f9c77a9be895fed6) Importer(815301076,1909f56bfc062723c751e8b465ee728b)
Start importing Assets/engines/pikmin/captain/cursor/CaptainCursorMotor.cs using Guid(6f2da82e7e349294f9c77a9be895fed6) Importer(815301076,1909f56bfc062723c751e8b465ee728b)  -> (artifact id: '1318a7863bd8072684415788fbf0dd8b') in 0.032443 seconds
  Import took 0.040079 seconds .

========================================================================
Received Import Request.
  Time since last request: 1380.872464 seconds.
  path: Assets/engines/pikmin/captain/olimar/Olimar Animator.controller
  artifactKey: Guid(a047936e04fa1c3478a47cafc6b8aa44) Importer(815301076,1909f56bfc062723c751e8b465ee728b)
Start importing Assets/engines/pikmin/captain/olimar/Olimar Animator.controller using Guid(a047936e04fa1c3478a47cafc6b8aa44) Importer(815301076,1909f56bfc062723c751e8b465ee728b)  -> (artifact id: '4abe3cd4fcc42e80ce369d9629663c98') in 0.100841 seconds
  Import took 0.110123 seconds .

========================================================================
Received Import Request.
  Time since last request: 0.216390 seconds.
  path: Assets/engines/pikmin/captain/olimar/Olimar Animator.controller
  artifactKey: Guid(a047936e04fa1c3478a47cafc6b8aa44) Importer(815301076,1909f56bfc062723c751e8b465ee728b)
Start importing Assets/engines/pikmin/captain/olimar/Olimar Animator.controller using Guid(a047936e04fa1c3478a47cafc6b8aa44) Importer(815301076,1909f56bfc062723c751e8b465ee728b)  -> (artifact id: '4abe3cd4fcc42e80ce369d9629663c98') in 0.034759 seconds
  Import took 0.041773 seconds .

========================================================================
Received Prepare
Registering precompiled user dll's ...
Registered in 0.004286 seconds.
Begin MonoManager ReloadAssembly
Native extension for WindowsStandalone target not found
Refreshing native plugins compatible for Editor in 1.05 ms, found 0 plugins.
Preloading 0 native plugins for Editor in 0.00 ms.
Invoked RoslynAnalysisRunner static constructor.
RoslynAnalysisRunner will not be running.
RoslynAnalysisRunner has terminated.
Mono: successfully reloaded assembly
- Completed reload, in  1.748 seconds
Platform modules already initialized, skipping
Shader 'Universal Render Pipeline/Particles/Lit': fallback shader 'Universal Render Pipeline/Particles/SimpleLit' not found
Refreshing native plugins compatible for Editor in 1.01 ms, found 0 plugins.
Preloading 0 native plugins for Editor in 0.00 ms.
Unloading 3042 Unused Serialized files (Serialized files now loaded: 0)
System memory in use before: 140.0 MB.
System memory in use after: 140.2 MB.

Unloading 107 unused Assets to reduce memory usage. Loaded Objects now: 3613.
Total: 4.122200 ms (FindLiveObjects: 0.631200 ms CreateObjectMapping: 0.170400 ms MarkObjects: 3.153000 ms  DeleteObjects: 0.166200 ms)

========================================================================
Received Prepare
Registering precompiled user dll's ...
Registered in 0.004782 seconds.
Begin MonoManager ReloadAssembly
Native extension for WindowsStandalone target not found
Refreshing native plugins compatible for Editor in 1.01 ms, found 0 plugins.
Preloading 0 native plugins for Editor in 0.00 ms.
Invoked RoslynAnalysisRunner static constructor.
RoslynAnalysisRunner will not be running.
RoslynAnalysisRunner has terminated.
Mono: successfully reloaded assembly
- Completed reload, in  1.606 seconds
Platform modules already initialized, skipping
Shader 'Universal Render Pipeline/Particles/Lit': fallback shader 'Universal Render Pipeline/Particles/SimpleLit' not found
Refreshing native plugins compatible for Editor in 1.10 ms, found 0 plugins.
Preloading 0 native plugins for Editor in 0.00 ms.
Unloading 3042 Unused Serialized files (Serialized files now loaded: 0)
System memory in use before: 140.0 MB.
System memory in use after: 140.3 MB.

Unloading 107 unused Assets to reduce memory usage. Loaded Objects now: 3615.
Total: 4.696500 ms (FindLiveObjects: 0.656100 ms CreateObjectMapping: 0.420100 ms MarkObjects: 3.461800 ms  DeleteObjects: 0.157300 ms)

========================================================================
Received Prepare
Registering precompiled user dll's ...
Registered in 0.005604 seconds.
Begin MonoManager ReloadAssembly
Native extension for WindowsStandalone target not found
Refreshing native plugins compatible for Editor in 1.02 ms, found 0 plugins.
Preloading 0 native plugins for Editor in 0.00 ms.
Invoked RoslynAnalysisRunner static constructor.
RoslynAnalysisRunner will not be running.
RoslynAnalysisRunner has terminated.
Mono: successfully reloaded assembly
- Completed reload, in  1.668 seconds
Platform modules already initialized, skipping
Shader 'Universal Render Pipeline/Particles/Lit': fallback shader 'Universal Render Pipeline/Particles/SimpleLit' not found
Refreshing native plugins compatible for Editor in 1.17 ms, found 0 plugins.
Preloading 0 native plugins for Editor in 0.00 ms.
Unloading 3042 Unused Serialized files (Serialized files now loaded: 0)
System memory in use before: 140.1 MB.
System memory in use after: 140.3 MB.

Unloading 107 unused Assets to reduce memory usage. Loaded Objects now: 3617.
Total: 3.908800 ms (FindLiveObjects: 0.588300 ms CreateObjectMapping: 0.200600 ms MarkObjects: 2.966500 ms  DeleteObjects: 0.152100 ms)

========================================================================
Received Prepare
Registering precompiled user dll's ...
Registered in 0.005783 seconds.
Begin MonoManager ReloadAssembly
Native extension for WindowsStandalone target not found
Refreshing native plugins compatible for Editor in 1.10 ms, found 0 plugins.
Preloading 0 native plugins for Editor in 0.00 ms.
Invoked RoslynAnalysisRunner static constructor.
RoslynAnalysisRunner will not be running.
RoslynAnalysisRunner has terminated.
Mono: successfully reloaded assembly
- Completed reload, in  2.058 seconds
Platform modules already initialized, skipping
Shader 'Universal Render Pipeline/Particles/Lit': fallback shader 'Universal Render Pipeline/Particles/SimpleLit' not found
Refreshing native plugins compatible for Editor in 1.20 ms, found 0 plugins.
Preloading 0 native plugins for Editor in 0.00 ms.
Unloading 3042 Unused Serialized files (Serialized files now loaded: 0)
System memory in use before: 140.1 MB.
System memory in use after: 140.3 MB.

Unloading 107 unused Assets to reduce memory usage. Loaded Objects now: 3619.
Total: 5.708600 ms (FindLiveObjects: 0.817500 ms CreateObjectMapping: 0.260100 ms MarkObjects: 4.476100 ms  DeleteObjects: 0.153500 ms)

========================================================================
Received Prepare
Registering precompiled user dll's ...
Registered in 0.004309 seconds.
Begin MonoManager ReloadAssembly
Native extension for WindowsStandalone target not found
Refreshing native plugins compatible for Editor in 1.03 ms, found 0 plugins.
Preloading 0 native plugins for Editor in 0.00 ms.
Invoked RoslynAnalysisRunner static constructor.
RoslynAnalysisRunner will not be running.
RoslynAnalysisRunner has terminated.
Mono: successfully reloaded assembly
- Completed reload, in  1.668 seconds
Platform modules already initialized, skipping
Shader 'Universal Render Pipeline/Particles/Lit': fallback shader 'Universal Render Pipeline/Particles/SimpleLit' not found
Refreshing native plugins compatible for Editor in 1.08 ms, found 0 plugins.
Preloading 0 native plugins for Editor in 0.00 ms.
Unloading 3042 Unused Serialized files (Serialized files now loaded: 0)
System memory in use before: 140.1 MB.
System memory in use after: 140.3 MB.

Unloading 107 unused Assets to reduce memory usage. Loaded Objects now: 3621.
Total: 5.835900 ms (FindLiveObjects: 0.954100 ms CreateObjectMapping: 0.196500 ms MarkObjects: 4.515000 ms  DeleteObjects: 0.168800 ms)

========================================================================
Received Prepare
Registering precompiled user dll's ...
Registered in 0.005195 seconds.
Begin MonoManager ReloadAssembly
Native extension for WindowsStandalone target not found
Refreshing native plugins compatible for Editor in 1.03 ms, found 0 plugins.
Preloading 0 native plugins for Editor in 0.00 ms.
Invoked RoslynAnalysisRunner static constructor.
RoslynAnalysisRunner will not be running.
RoslynAnalysisRunner has terminated.
Mono: successfully reloaded assembly
- Completed reload, in  1.682 seconds
Platform modules already initialized, skipping
Shader 'Universal Render Pipeline/Particles/Lit': fallback shader 'Universal Render Pipeline/Particles/SimpleLit' not found
Refreshing native plugins compatible for Editor in 1.02 ms, found 0 plugins.
Preloading 0 native plugins for Editor in 0.00 ms.
Unloading 3042 Unused Serialized files (Serialized files now loaded: 0)
System memory in use before: 140.1 MB.
System memory in use after: 140.3 MB.

Unloading 107 unused Assets to reduce memory usage. Loaded Objects now: 3623.
Total: 4.983000 ms (FindLiveObjects: 0.766500 ms CreateObjectMapping: 0.329200 ms MarkObjects: 3.710300 ms  DeleteObjects: 0.175500 ms)

========================================================================
Received Prepare
Registering precompiled user dll's ...
Registered in 0.005626 seconds.
Begin MonoManager ReloadAssembly
Native extension for WindowsStandalone target not found
Refreshing native plugins compatible for Editor in 1.13 ms, found 0 plugins.
Preloading 0 native plugins for Editor in 0.00 ms.
Invoked RoslynAnalysisRunner static constructor.
RoslynAnalysisRunner will not be running.
RoslynAnalysisRunner has terminated.
Mono: successfully reloaded assembly
- Completed reload, in  2.387 seconds
Platform modules already initialized, skipping
Shader 'Universal Render Pipeline/Particles/Lit': fallback shader 'Universal Render Pipeline/Particles/SimpleLit' not found
Refreshing native plugins compatible for Editor in 1.28 ms, found 0 plugins.
Preloading 0 native plugins for Editor in 0.00 ms.
Unloading 3042 Unused Serialized files (Serialized files now loaded: 0)
System memory in use before: 140.1 MB.
System memory in use after: 140.3 MB.

Unloading 107 unused Assets to reduce memory usage. Loaded Objects now: 3625.
Total: 6.158800 ms (FindLiveObjects: 1.207000 ms CreateObjectMapping: 0.428500 ms MarkObjects: 4.311400 ms  DeleteObjects: 0.210100 ms)

========================================================================
Received Prepare
Registering precompiled user dll's ...
Registered in 0.005156 seconds.
Begin MonoManager ReloadAssembly
Native extension for WindowsStandalone target not found
Refreshing native plugins compatible for Editor in 1.04 ms, found 0 plugins.
Preloading 0 native plugins for Editor in 0.00 ms.
Invoked RoslynAnalysisRunner static constructor.
RoslynAnalysisRunner will not be running.
RoslynAnalysisRunner has terminated.
Mono: successfully reloaded assembly
- Completed reload, in  1.683 seconds
Platform modules already initialized, skipping
Shader 'Universal Render Pipeline/Particles/Lit': fallback shader 'Universal Render Pipeline/Particles/SimpleLit' not found
Refreshing native plugins compatible for Editor in 1.02 ms, found 0 plugins.
Preloading 0 native plugins for Editor in 0.00 ms.
Unloading 3042 Unused Serialized files (Serialized files now loaded: 0)
System memory in use before: 140.1 MB.
System memory in use after: 140.3 MB.

Unloading 107 unused Assets to reduce memory usage. Loaded Objects now: 3627.
Total: 3.780200 ms (FindLiveObjects: 0.601700 ms CreateObjectMapping: 0.175900 ms MarkObjects: 2.847300 ms  DeleteObjects: 0.154000 ms)

========================================================================
Received Prepare
Registering precompiled user dll's ...
Registered in 0.008364 seconds.
Begin MonoManager ReloadAssembly
Native extension for WindowsStandalone target not found
Refreshing native plugins compatible for Editor in 1.01 ms, found 0 plugins.
Preloading 0 native plugins for Editor in 0.00 ms.
Invoked RoslynAnalysisRunner static constructor.
RoslynAnalysisRunner will not be running.
RoslynAnalysisRunner has terminated.
Mono: successfully reloaded assembly
- Completed reload, in  1.672 seconds
Platform modules already initialized, skipping
Shader 'Universal Render Pipeline/Particles/Lit': fallback shader 'Universal Render Pipeline/Particles/SimpleLit' not found
Refreshing native plugins compatible for Editor in 1.21 ms, found 0 plugins.
Preloading 0 native plugins for Editor in 0.00 ms.
Unloading 3042 Unused Serialized files (Serialized files now loaded: 0)
System memory in use before: 140.1 MB.
System memory in use after: 140.4 MB.

Unloading 107 unused Assets to reduce memory usage. Loaded Objects now: 3629.
Total: 4.260000 ms (FindLiveObjects: 0.614700 ms CreateObjectMapping: 0.165100 ms MarkObjects: 3.326600 ms  DeleteObjects: 0.151600 ms)

========================================================================
Received Prepare
Registering precompiled user dll's ...
Registered in 0.007215 seconds.
Begin MonoManager ReloadAssembly
Native extension for WindowsStandalone target not found
Refreshing native plugins compatible for Editor in 1.04 ms, found 0 plugins.
Preloading 0 native plugins for Editor in 0.00 ms.
Invoked RoslynAnalysisRunner static constructor.
RoslynAnalysisRunner will not be running.
RoslynAnalysisRunner has terminated.
Mono: successfully reloaded assembly
- Completed reload, in  1.606 seconds
Platform modules already initialized, skipping
Shader 'Universal Render Pipeline/Particles/Lit': fallback shader 'Universal Render Pipeline/Particles/SimpleLit' not found
Refreshing native plugins compatible for Editor in 1.05 ms, found 0 plugins.
Preloading 0 native plugins for Editor in 0.00 ms.
Unloading 3042 Unused Serialized files (Serialized files now loaded: 0)
System memory in use before: 140.1 MB.
System memory in use after: 140.4 MB.

Unloading 107 unused Assets to reduce memory usage. Loaded Objects now: 3631.
Total: 4.376100 ms (FindLiveObjects: 0.788800 ms CreateObjectMapping: 0.420200 ms MarkObjects: 3.000100 ms  DeleteObjects: 0.165600 ms)

========================================================================
Received Prepare
Registering precompiled user dll's ...
Registered in 0.004184 seconds.
Begin MonoManager ReloadAssembly
Native extension for WindowsStandalone target not found
Refreshing native plugins compatible for Editor in 1.14 ms, found 0 plugins.
Preloading 0 native plugins for Editor in 0.00 ms.
Invoked RoslynAnalysisRunner static constructor.
RoslynAnalysisRunner will not be running.
RoslynAnalysisRunner has terminated.
Mono: successfully reloaded assembly
- Completed reload, in  1.645 seconds
Platform modules already initialized, skipping
Shader 'Universal Render Pipeline/Particles/Lit': fallback shader 'Universal Render Pipeline/Particles/SimpleLit' not found
Refreshing native plugins compatible for Editor in 1.10 ms, found 0 plugins.
Preloading 0 native plugins for Editor in 0.00 ms.
Unloading 3042 Unused Serialized files (Serialized files now loaded: 0)
System memory in use before: 140.1 MB.
System memory in use after: 140.4 MB.

Unloading 107 unused Assets to reduce memory usage. Loaded Objects now: 3633.
Total: 4.063400 ms (FindLiveObjects: 0.632000 ms CreateObjectMapping: 0.206900 ms MarkObjects: 3.071900 ms  DeleteObjects: 0.151400 ms)

========================================================================
Received Import Request.
  Time since last request: 2510.575881 seconds.
  path: Assets/engines/pikmin/captain/Captain.prefab
  artifactKey: Guid(2b38b6b5a72ed7c4c81eb6e45ef6d346) Importer(815301076,1909f56bfc062723c751e8b465ee728b)
Start importing Assets/engines/pikmin/captain/Captain.prefab using Guid(2b38b6b5a72ed7c4c81eb6e45ef6d346) Importer(815301076,1909f56bfc062723c751e8b465ee728b)  -> (artifact id: '45dc42bce1407ffc9652687f3fafc32f') in 0.455404 seconds
  Import took 0.468729 seconds .

========================================================================
Received Import Request.
  Time since last request: 6.070654 seconds.
  path: Assets/engines/pikmin/captain/president
  artifactKey: Guid(856ba371953e3fc4bb22f353978b71d4) Importer(815301076,1909f56bfc062723c751e8b465ee728b)
Start importing Assets/engines/pikmin/captain/president using Guid(856ba371953e3fc4bb22f353978b71d4) Importer(815301076,1909f56bfc062723c751e8b465ee728b)  -> (artifact id: 'f931c328c4cfff57952914dee0271561') in 0.063638 seconds
  Import took 0.070671 seconds .

========================================================================
Received Import Request.
  Time since last request: 8.401916 seconds.
  path: Assets/engines/pikmin/captain/olimar/Olimar Animator.controller
  artifactKey: Guid(a047936e04fa1c3478a47cafc6b8aa44) Importer(815301076,1909f56bfc062723c751e8b465ee728b)
Start importing Assets/engines/pikmin/captain/olimar/Olimar Animator.controller using Guid(a047936e04fa1c3478a47cafc6b8aa44) Importer(815301076,1909f56bfc062723c751e8b465ee728b)  -> (artifact id: '8e45157cdab3e40c18589e806a90d145') in 0.040447 seconds
  Import took 0.048288 seconds .

========================================================================
Received Import Request.
  Time since last request: 3.821778 seconds.
  path: Assets/engines/pikmin/captain/olimar/Olimar Animator.controller
  artifactKey: Guid(a047936e04fa1c3478a47cafc6b8aa44) Importer(815301076,1909f56bfc062723c751e8b465ee728b)
Start importing Assets/engines/pikmin/captain/olimar/Olimar Animator.controller using Guid(a047936e04fa1c3478a47cafc6b8aa44) Importer(815301076,1909f56bfc062723c751e8b465ee728b)  -> (artifact id: '0feeaf72a776a3800b75382cfabbe9d5') in 0.039237 seconds
  Import took 0.047833 seconds .

========================================================================
Received Prepare
Registering precompiled user dll's ...
Registered in 0.014175 seconds.
Begin MonoManager ReloadAssembly
Native extension for WindowsStandalone target not found
Refreshing native plugins compatible for Editor in 1.17 ms, found 0 plugins.
Preloading 0 native plugins for Editor in 0.00 ms.
Invoked RoslynAnalysisRunner static constructor.
RoslynAnalysisRunner will not be running.
RoslynAnalysisRunner has terminated.
Mono: successfully reloaded assembly
- Completed reload, in  2.102 seconds
Platform modules already initialized, skipping
Shader 'Universal Render Pipeline/Particles/Lit': fallback shader 'Universal Render Pipeline/Particles/SimpleLit' not found
Refreshing native plugins compatible for Editor in 1.02 ms, found 0 plugins.
Preloading 0 native plugins for Editor in 0.00 ms.
Unloading 3042 Unused Serialized files (Serialized files now loaded: 0)
System memory in use before: 156.3 MB.
System memory in use after: 156.5 MB.

Unloading 107 unused Assets to reduce memory usage. Loaded Objects now: 3681.
Total: 5.007200 ms (FindLiveObjects: 0.760000 ms CreateObjectMapping: 0.189200 ms MarkObjects: 3.758000 ms  DeleteObjects: 0.297700 ms)

========================================================================
Received Prepare
Registering precompiled user dll's ...
Registered in 0.004201 seconds.
Begin MonoManager ReloadAssembly
Native extension for WindowsStandalone target not found
Refreshing native plugins compatible for Editor in 1.62 ms, found 0 plugins.
Preloading 0 native plugins for Editor in 0.00 ms.
Invoked RoslynAnalysisRunner static constructor.
RoslynAnalysisRunner will not be running.
RoslynAnalysisRunner has terminated.
Mono: successfully reloaded assembly
- Completed reload, in  1.887 seconds
Platform modules already initialized, skipping
Shader 'Universal Render Pipeline/Particles/Lit': fallback shader 'Universal Render Pipeline/Particles/SimpleLit' not found
Refreshing native plugins compatible for Editor in 1.25 ms, found 0 plugins.
Preloading 0 native plugins for Editor in 0.00 ms.
Unloading 3042 Unused Serialized files (Serialized files now loaded: 0)
System memory in use before: 156.3 MB.
System memory in use after: 156.6 MB.

Unloading 107 unused Assets to reduce memory usage. Loaded Objects now: 3683.
Total: 4.845000 ms (FindLiveObjects: 1.068300 ms CreateObjectMapping: 0.304900 ms MarkObjects: 3.301600 ms  DeleteObjects: 0.168300 ms)

========================================================================
Received Prepare
Registering precompiled user dll's ...
Registered in 0.003973 seconds.
Begin MonoManager ReloadAssembly
Native extension for WindowsStandalone target not found
Refreshing native plugins compatible for Editor in 1.13 ms, found 0 plugins.
Preloading 0 native plugins for Editor in 0.00 ms.
Invoked RoslynAnalysisRunner static constructor.
RoslynAnalysisRunner will not be running.
RoslynAnalysisRunner has terminated.
Mono: successfully reloaded assembly
- Completed reload, in  1.750 seconds
Platform modules already initialized, skipping
Shader 'Universal Render Pipeline/Particles/Lit': fallback shader 'Universal Render Pipeline/Particles/SimpleLit' not found
Refreshing native plugins compatible for Editor in 1.01 ms, found 0 plugins.
Preloading 0 native plugins for Editor in 0.00 ms.
Unloading 3042 Unused Serialized files (Serialized files now loaded: 0)
System memory in use before: 156.3 MB.
System memory in use after: 156.6 MB.

Unloading 107 unused Assets to reduce memory usage. Loaded Objects now: 3685.
Total: 4.020600 ms (FindLiveObjects: 0.630700 ms CreateObjectMapping: 0.198600 ms MarkObjects: 3.040600 ms  DeleteObjects: 0.148900 ms)

========================================================================
Received Prepare
Registering precompiled user dll's ...
Registered in 0.005645 seconds.
Begin MonoManager ReloadAssembly
Native extension for WindowsStandalone target not found
Refreshing native plugins compatible for Editor in 1.03 ms, found 0 plugins.
Preloading 0 native plugins for Editor in 0.00 ms.
Invoked RoslynAnalysisRunner static constructor.
RoslynAnalysisRunner will not be running.
RoslynAnalysisRunner has terminated.
Mono: successfully reloaded assembly
- Completed reload, in  1.658 seconds
Platform modules already initialized, skipping
Shader 'Universal Render Pipeline/Particles/Lit': fallback shader 'Universal Render Pipeline/Particles/SimpleLit' not found
Refreshing native plugins compatible for Editor in 1.08 ms, found 0 plugins.
Preloading 0 native plugins for Editor in 0.00 ms.
Unloading 3042 Unused Serialized files (Serialized files now loaded: 0)
System memory in use before: 156.3 MB.
System memory in use after: 156.6 MB.

Unloading 107 unused Assets to reduce memory usage. Loaded Objects now: 3687.
Total: 6.074300 ms (FindLiveObjects: 1.470500 ms CreateObjectMapping: 0.390600 ms MarkObjects: 3.968700 ms  DeleteObjects: 0.241400 ms)

========================================================================
Received Import Request.
  Time since last request: 3556.682165 seconds.
  path: Assets/engines/pikmin/captain/Captain.prefab
  artifactKey: Guid(2b38b6b5a72ed7c4c81eb6e45ef6d346) Importer(815301076,1909f56bfc062723c751e8b465ee728b)
Start importing Assets/engines/pikmin/captain/Captain.prefab using Guid(2b38b6b5a72ed7c4c81eb6e45ef6d346) Importer(815301076,1909f56bfc062723c751e8b465ee728b)  -> (artifact id: 'e5e752bb1799ec6c2e6a79de32a49fc9') in 0.269966 seconds
  Import took 0.278791 seconds .

========================================================================
Received Import Request.
  Time since last request: 0.455547 seconds.
  path: Assets/engines/pikmin/captain/Captain.prefab
  artifactKey: Guid(2b38b6b5a72ed7c4c81eb6e45ef6d346) Importer(815301076,1909f56bfc062723c751e8b465ee728b)
Start importing Assets/engines/pikmin/captain/Captain.prefab using Guid(2b38b6b5a72ed7c4c81eb6e45ef6d346) Importer(815301076,1909f56bfc062723c751e8b465ee728b)  -> (artifact id: '28dd441eaa248f82d584f8abb1b5509e') in 0.070436 seconds
  Import took 0.078036 seconds .

========================================================================
Received Prepare
Registering precompiled user dll's ...
Registered in 0.005220 seconds.
Begin MonoManager ReloadAssembly
Native extension for WindowsStandalone target not found
Refreshing native plugins compatible for Editor in 1.10 ms, found 0 plugins.
Preloading 0 native plugins for Editor in 0.00 ms.
Invoked RoslynAnalysisRunner static constructor.
RoslynAnalysisRunner will not be running.
RoslynAnalysisRunner has terminated.
Mono: successfully reloaded assembly
- Completed reload, in  1.723 seconds
Platform modules already initialized, skipping
Shader 'Universal Render Pipeline/Particles/Lit': fallback shader 'Universal Render Pipeline/Particles/SimpleLit' not found
Refreshing native plugins compatible for Editor in 1.10 ms, found 0 plugins.
Preloading 0 native plugins for Editor in 0.00 ms.
Unloading 3042 Unused Serialized files (Serialized files now loaded: 0)
System memory in use before: 156.5 MB.
System memory in use after: 156.7 MB.

Unloading 107 unused Assets to reduce memory usage. Loaded Objects now: 3725.
Total: 4.655900 ms (FindLiveObjects: 0.763000 ms CreateObjectMapping: 0.188000 ms MarkObjects: 3.501400 ms  DeleteObjects: 0.202200 ms)

========================================================================
Received Prepare
Registering precompiled user dll's ...
Registered in 0.003939 seconds.
Begin MonoManager ReloadAssembly
Native extension for WindowsStandalone target not found
Refreshing native plugins compatible for Editor in 1.14 ms, found 0 plugins.
Preloading 0 native plugins for Editor in 0.00 ms.
Invoked RoslynAnalysisRunner static constructor.
RoslynAnalysisRunner will not be running.
RoslynAnalysisRunner has terminated.
Mono: successfully reloaded assembly
- Completed reload, in  1.705 seconds
Platform modules already initialized, skipping
Shader 'Universal Render Pipeline/Particles/Lit': fallback shader 'Universal Render Pipeline/Particles/SimpleLit' not found
Refreshing native plugins compatible for Editor in 1.10 ms, found 0 plugins.
Preloading 0 native plugins for Editor in 0.00 ms.
Unloading 3042 Unused Serialized files (Serialized files now loaded: 0)
System memory in use before: 156.5 MB.
System memory in use after: 156.7 MB.

Unloading 107 unused Assets to reduce memory usage. Loaded Objects now: 3727.
Total: 4.599300 ms (FindLiveObjects: 0.730200 ms CreateObjectMapping: 0.180600 ms MarkObjects: 3.527500 ms  DeleteObjects: 0.158900 ms)

========================================================================
Received Prepare
Registering precompiled user dll's ...
Registered in 0.004115 seconds.
Begin MonoManager ReloadAssembly
Native extension for WindowsStandalone target not found
Refreshing native plugins compatible for Editor in 1.14 ms, found 0 plugins.
Preloading 0 native plugins for Editor in 0.00 ms.
Invoked RoslynAnalysisRunner static constructor.
RoslynAnalysisRunner will not be running.
RoslynAnalysisRunner has terminated.
Mono: successfully reloaded assembly
- Completed reload, in  2.224 seconds
Platform modules already initialized, skipping
Shader 'Universal Render Pipeline/Particles/Lit': fallback shader 'Universal Render Pipeline/Particles/SimpleLit' not found
Refreshing native plugins compatible for Editor in 1.21 ms, found 0 plugins.
Preloading 0 native plugins for Editor in 0.00 ms.
Unloading 3042 Unused Serialized files (Serialized files now loaded: 0)
System memory in use before: 156.5 MB.
System memory in use after: 156.7 MB.

Unloading 107 unused Assets to reduce memory usage. Loaded Objects now: 3729.
Total: 5.521500 ms (FindLiveObjects: 0.682300 ms CreateObjectMapping: 0.191600 ms MarkObjects: 4.476100 ms  DeleteObjects: 0.169800 ms)

========================================================================
Received Prepare
Registering precompiled user dll's ...
Registered in 0.004433 seconds.
Begin MonoManager ReloadAssembly
Native extension for WindowsStandalone target not found
Refreshing native plugins compatible for Editor in 1.07 ms, found 0 plugins.
Preloading 0 native plugins for Editor in 0.00 ms.
Invoked RoslynAnalysisRunner static constructor.
RoslynAnalysisRunner will not be running.
RoslynAnalysisRunner has terminated.
Mono: successfully reloaded assembly
- Completed reload, in  1.794 seconds
Platform modules already initialized, skipping
Shader 'Universal Render Pipeline/Particles/Lit': fallback shader 'Universal Render Pipeline/Particles/SimpleLit' not found
Refreshing native plugins compatible for Editor in 1.27 ms, found 0 plugins.
Preloading 0 native plugins for Editor in 0.00 ms.
Unloading 3042 Unused Serialized files (Serialized files now loaded: 0)
System memory in use before: 156.5 MB.
System memory in use after: 156.7 MB.

Unloading 107 unused Assets to reduce memory usage. Loaded Objects now: 3731.
Total: 4.365500 ms (FindLiveObjects: 0.618900 ms CreateObjectMapping: 0.274300 ms MarkObjects: 3.306000 ms  DeleteObjects: 0.165100 ms)

========================================================================
Received Prepare
Registering precompiled user dll's ...
Registered in 0.004079 seconds.
Begin MonoManager ReloadAssembly
Native extension for WindowsStandalone target not found
Refreshing native plugins compatible for Editor in 1.07 ms, found 0 plugins.
Preloading 0 native plugins for Editor in 0.00 ms.
Invoked RoslynAnalysisRunner static constructor.
RoslynAnalysisRunner will not be running.
RoslynAnalysisRunner has terminated.
Mono: successfully reloaded assembly
- Completed reload, in  1.661 seconds
Platform modules already initialized, skipping
Shader 'Universal Render Pipeline/Particles/Lit': fallback shader 'Universal Render Pipeline/Particles/SimpleLit' not found
Refreshing native plugins compatible for Editor in 1.04 ms, found 0 plugins.
Preloading 0 native plugins for Editor in 0.00 ms.
Unloading 3042 Unused Serialized files (Serialized files now loaded: 0)
System memory in use before: 156.5 MB.
System memory in use after: 156.7 MB.

Unloading 107 unused Assets to reduce memory usage. Loaded Objects now: 3733.
Total: 4.767000 ms (FindLiveObjects: 0.693900 ms CreateObjectMapping: 0.528400 ms MarkObjects: 3.388000 ms  DeleteObjects: 0.155400 ms)

========================================================================
Received Prepare
Registering precompiled user dll's ...
Registered in 0.003868 seconds.
Begin MonoManager ReloadAssembly
Native extension for WindowsStandalone target not found
Refreshing native plugins compatible for Editor in 1.06 ms, found 0 plugins.
Preloading 0 native plugins for Editor in 0.00 ms.
Invoked RoslynAnalysisRunner static constructor.
RoslynAnalysisRunner will not be running.
RoslynAnalysisRunner has terminated.
Mono: successfully reloaded assembly
- Completed reload, in  1.986 seconds
Platform modules already initialized, skipping
Shader 'Universal Render Pipeline/Particles/Lit': fallback shader 'Universal Render Pipeline/Particles/SimpleLit' not found
Refreshing native plugins compatible for Editor in 1.32 ms, found 0 plugins.
Preloading 0 native plugins for Editor in 0.00 ms.
Unloading 3042 Unused Serialized files (Serialized files now loaded: 0)
System memory in use before: 156.5 MB.
System memory in use after: 156.7 MB.

Unloading 107 unused Assets to reduce memory usage. Loaded Objects now: 3735.
Total: 4.212200 ms (FindLiveObjects: 0.665500 ms CreateObjectMapping: 0.178000 ms MarkObjects: 3.209700 ms  DeleteObjects: 0.157200 ms)

========================================================================
Received Prepare
Registering precompiled user dll's ...
Registered in 0.004041 seconds.
Begin MonoManager ReloadAssembly
Native extension for WindowsStandalone target not found
Refreshing native plugins compatible for Editor in 1.05 ms, found 0 plugins.
Preloading 0 native plugins for Editor in 0.00 ms.
Invoked RoslynAnalysisRunner static constructor.
RoslynAnalysisRunner will not be running.
RoslynAnalysisRunner has terminated.
Mono: successfully reloaded assembly
- Completed reload, in  1.877 seconds
Platform modules already initialized, skipping
Shader 'Universal Render Pipeline/Particles/Lit': fallback shader 'Universal Render Pipeline/Particles/SimpleLit' not found
Refreshing native plugins compatible for Editor in 1.11 ms, found 0 plugins.
Preloading 0 native plugins for Editor in 0.00 ms.
Unloading 3042 Unused Serialized files (Serialized files now loaded: 0)
System memory in use before: 156.5 MB.
System memory in use after: 156.8 MB.

Unloading 107 unused Assets to reduce memory usage. Loaded Objects now: 3737.
Total: 4.153300 ms (FindLiveObjects: 0.678900 ms CreateObjectMapping: 0.174300 ms MarkObjects: 3.150600 ms  DeleteObjects: 0.148400 ms)

========================================================================
Received Prepare
Registering precompiled user dll's ...
Registered in 0.003989 seconds.
Begin MonoManager ReloadAssembly
Native extension for WindowsStandalone target not found
Refreshing native plugins compatible for Editor in 1.09 ms, found 0 plugins.
Preloading 0 native plugins for Editor in 0.00 ms.
Invoked RoslynAnalysisRunner static constructor.
RoslynAnalysisRunner will not be running.
RoslynAnalysisRunner has terminated.
Mono: successfully reloaded assembly
- Completed reload, in  1.674 seconds
Platform modules already initialized, skipping
Shader 'Universal Render Pipeline/Particles/Lit': fallback shader 'Universal Render Pipeline/Particles/SimpleLit' not found
Refreshing native plugins compatible for Editor in 1.03 ms, found 0 plugins.
Preloading 0 native plugins for Editor in 0.00 ms.
Unloading 3042 Unused Serialized files (Serialized files now loaded: 0)
System memory in use before: 156.5 MB.
System memory in use after: 156.8 MB.

Unloading 107 unused Assets to reduce memory usage. Loaded Objects now: 3739.
Total: 4.402100 ms (FindLiveObjects: 0.648100 ms CreateObjectMapping: 0.169000 ms MarkObjects: 3.427200 ms  DeleteObjects: 0.156200 ms)

========================================================================
Received Import Request.
  Time since last request: 305.750558 seconds.
  path: ProjectSettings/TagManager.asset
  artifactKey: Guid(00000000000000003000000000000000) Importer(815301076,1909f56bfc062723c751e8b465ee728b)
Start importing ProjectSettings/TagManager.asset using Guid(00000000000000003000000000000000) Importer(815301076,1909f56bfc062723c751e8b465ee728b)  -> (artifact id: '314b2afde80f7c70195f303b89b7847c') in 0.070150 seconds
  Import took 0.078019 seconds .

========================================================================
Received Import Request.
  Time since last request: 8.717111 seconds.
  path: ProjectSettings/TagManager.asset
  artifactKey: Guid(00000000000000003000000000000000) Importer(815301076,1909f56bfc062723c751e8b465ee728b)
Start importing ProjectSettings/TagManager.asset using Guid(00000000000000003000000000000000) Importer(815301076,1909f56bfc062723c751e8b465ee728b)  -> (artifact id: '3a08783d009373803069d3fd3264d1c7') in 0.037274 seconds
  Import took 0.046326 seconds .

========================================================================
Received Import Request.
  Time since last request: 10.585366 seconds.
  path: Assets/engines/pikmin/captain/Captain.prefab
  artifactKey: Guid(2b38b6b5a72ed7c4c81eb6e45ef6d346) Importer(815301076,1909f56bfc062723c751e8b465ee728b)
Start importing Assets/engines/pikmin/captain/Captain.prefab using Guid(2b38b6b5a72ed7c4c81eb6e45ef6d346) Importer(815301076,1909f56bfc062723c751e8b465ee728b)  -> (artifact id: 'b06588033c1207c034f2e9a20dec545f') in 0.267865 seconds
  Import took 0.276743 seconds .

========================================================================
Received Prepare
Registering precompiled user dll's ...
Registered in 0.004222 seconds.
Begin MonoManager ReloadAssembly
Native extension for WindowsStandalone target not found
Refreshing native plugins compatible for Editor in 1.04 ms, found 0 plugins.
Preloading 0 native plugins for Editor in 0.00 ms.
Invoked RoslynAnalysisRunner static constructor.
RoslynAnalysisRunner will not be running.
RoslynAnalysisRunner has terminated.
Mono: successfully reloaded assembly
- Completed reload, in  1.709 seconds
Platform modules already initialized, skipping
Shader 'Universal Render Pipeline/Particles/Lit': fallback shader 'Universal Render Pipeline/Particles/SimpleLit' not found
Refreshing native plugins compatible for Editor in 1.07 ms, found 0 plugins.
Preloading 0 native plugins for Editor in 0.00 ms.
Unloading 3042 Unused Serialized files (Serialized files now loaded: 0)
System memory in use before: 156.7 MB.
System memory in use after: 156.9 MB.

Unloading 109 unused Assets to reduce memory usage. Loaded Objects now: 3777.
Total: 4.121400 ms (FindLiveObjects: 0.664900 ms CreateObjectMapping: 0.189200 ms MarkObjects: 3.110500 ms  DeleteObjects: 0.155500 ms)

========================================================================
Received Prepare
Registering precompiled user dll's ...
Registered in 0.005308 seconds.
Begin MonoManager ReloadAssembly
Native extension for WindowsStandalone target not found
Refreshing native plugins compatible for Editor in 1.10 ms, found 0 plugins.
Preloading 0 native plugins for Editor in 0.00 ms.
Invoked RoslynAnalysisRunner static constructor.
RoslynAnalysisRunner will not be running.
RoslynAnalysisRunner has terminated.
Mono: successfully reloaded assembly
- Completed reload, in  1.714 seconds
Platform modules already initialized, skipping
Shader 'Universal Render Pipeline/Particles/Lit': fallback shader 'Universal Render Pipeline/Particles/SimpleLit' not found
Refreshing native plugins compatible for Editor in 1.02 ms, found 0 plugins.
Preloading 0 native plugins for Editor in 0.00 ms.
Unloading 3042 Unused Serialized files (Serialized files now loaded: 0)
System memory in use before: 156.6 MB.
System memory in use after: 156.9 MB.

Unloading 107 unused Assets to reduce memory usage. Loaded Objects now: 3779.
Total: 5.265600 ms (FindLiveObjects: 0.687000 ms CreateObjectMapping: 0.199200 ms MarkObjects: 4.202400 ms  DeleteObjects: 0.175400 ms)

========================================================================
Received Prepare
Registering precompiled user dll's ...
Registered in 0.004237 seconds.
Begin MonoManager ReloadAssembly
Native extension for WindowsStandalone target not found
Refreshing native plugins compatible for Editor in 1.07 ms, found 0 plugins.
Preloading 0 native plugins for Editor in 0.00 ms.
Invoked RoslynAnalysisRunner static constructor.
RoslynAnalysisRunner will not be running.
RoslynAnalysisRunner has terminated.
Mono: successfully reloaded assembly
- Completed reload, in  1.730 seconds
Platform modules already initialized, skipping
Shader 'Universal Render Pipeline/Particles/Lit': fallback shader 'Universal Render Pipeline/Particles/SimpleLit' not found
Refreshing native plugins compatible for Editor in 1.74 ms, found 0 plugins.
Preloading 0 native plugins for Editor in 0.00 ms.
Unloading 3042 Unused Serialized files (Serialized files now loaded: 0)
System memory in use before: 156.7 MB.
System memory in use after: 156.9 MB.

Unloading 107 unused Assets to reduce memory usage. Loaded Objects now: 3781.
Total: 5.131000 ms (FindLiveObjects: 0.873600 ms CreateObjectMapping: 0.253300 ms MarkObjects: 3.846600 ms  DeleteObjects: 0.156000 ms)

========================================================================
Received Prepare
Registering precompiled user dll's ...
Registered in 0.004935 seconds.
Begin MonoManager ReloadAssembly
Native extension for WindowsStandalone target not found
Refreshing native plugins compatible for Editor in 1.10 ms, found 0 plugins.
Preloading 0 native plugins for Editor in 0.00 ms.
Invoked RoslynAnalysisRunner static constructor.
RoslynAnalysisRunner will not be running.
RoslynAnalysisRunner has terminated.
Mono: successfully reloaded assembly
- Completed reload, in  1.675 seconds
Platform modules already initialized, skipping
Shader 'Universal Render Pipeline/Particles/Lit': fallback shader 'Universal Render Pipeline/Particles/SimpleLit' not found
Refreshing native plugins compatible for Editor in 1.10 ms, found 0 plugins.
Preloading 0 native plugins for Editor in 0.00 ms.
Unloading 3042 Unused Serialized files (Serialized files now loaded: 0)
System memory in use before: 156.7 MB.
System memory in use after: 156.9 MB.

Unloading 107 unused Assets to reduce memory usage. Loaded Objects now: 3783.
Total: 4.328800 ms (FindLiveObjects: 0.669000 ms CreateObjectMapping: 0.287700 ms MarkObjects: 3.196900 ms  DeleteObjects: 0.174000 ms)

========================================================================
Received Prepare
Registering precompiled user dll's ...
Registered in 0.004280 seconds.
Begin MonoManager ReloadAssembly
Native extension for WindowsStandalone target not found
Refreshing native plugins compatible for Editor in 1.08 ms, found 0 plugins.
Preloading 0 native plugins for Editor in 0.00 ms.
Invoked RoslynAnalysisRunner static constructor.
RoslynAnalysisRunner will not be running.
RoslynAnalysisRunner has terminated.
Mono: successfully reloaded assembly
- Completed reload, in  1.700 seconds
Platform modules already initialized, skipping
Shader 'Universal Render Pipeline/Particles/Lit': fallback shader 'Universal Render Pipeline/Particles/SimpleLit' not found
Refreshing native plugins compatible for Editor in 1.14 ms, found 0 plugins.
Preloading 0 native plugins for Editor in 0.00 ms.
Unloading 3042 Unused Serialized files (Serialized files now loaded: 0)
System memory in use before: 156.7 MB.
System memory in use after: 156.9 MB.

Unloading 107 unused Assets to reduce memory usage. Loaded Objects now: 3785.
Total: 4.705700 ms (FindLiveObjects: 0.630700 ms CreateObjectMapping: 0.177100 ms MarkObjects: 3.738300 ms  DeleteObjects: 0.158300 ms)

========================================================================
Received Prepare
Registering precompiled user dll's ...
Registered in 0.003933 seconds.
Begin MonoManager ReloadAssembly
Native extension for WindowsStandalone target not found
Refreshing native plugins compatible for Editor in 1.06 ms, found 0 plugins.
Preloading 0 native plugins for Editor in 0.00 ms.
Invoked RoslynAnalysisRunner static constructor.
RoslynAnalysisRunner will not be running.
RoslynAnalysisRunner has terminated.
Mono: successfully reloaded assembly
- Completed reload, in  1.687 seconds
Platform modules already initialized, skipping
Shader 'Universal Render Pipeline/Particles/Lit': fallback shader 'Universal Render Pipeline/Particles/SimpleLit' not found
Refreshing native plugins compatible for Editor in 1.03 ms, found 0 plugins.
Preloading 0 native plugins for Editor in 0.00 ms.
Unloading 3042 Unused Serialized files (Serialized files now loaded: 0)
System memory in use before: 156.7 MB.
System memory in use after: 156.9 MB.

Unloading 107 unused Assets to reduce memory usage. Loaded Objects now: 3787.
Total: 4.548300 ms (FindLiveObjects: 0.664600 ms CreateObjectMapping: 0.181500 ms MarkObjects: 3.530700 ms  DeleteObjects: 0.170000 ms)

========================================================================
Received Prepare
Registering precompiled user dll's ...
Registered in 0.004907 seconds.
Begin MonoManager ReloadAssembly
Native extension for WindowsStandalone target not found
Refreshing native plugins compatible for Editor in 1.01 ms, found 0 plugins.
Preloading 0 native plugins for Editor in 0.00 ms.
Invoked RoslynAnalysisRunner static constructor.
RoslynAnalysisRunner will not be running.
RoslynAnalysisRunner has terminated.
Mono: successfully reloaded assembly
- Completed reload, in  1.712 seconds
Platform modules already initialized, skipping
Shader 'Universal Render Pipeline/Particles/Lit': fallback shader 'Universal Render Pipeline/Particles/SimpleLit' not found
Refreshing native plugins compatible for Editor in 1.02 ms, found 0 plugins.
Preloading 0 native plugins for Editor in 0.00 ms.
Unloading 3042 Unused Serialized files (Serialized files now loaded: 0)
System memory in use before: 156.7 MB.
System memory in use after: 156.9 MB.

Unloading 107 unused Assets to reduce memory usage. Loaded Objects now: 3789.
Total: 4.245400 ms (FindLiveObjects: 0.667800 ms CreateObjectMapping: 0.168600 ms MarkObjects: 3.245200 ms  DeleteObjects: 0.162400 ms)

========================================================================
Received Prepare
Registering precompiled user dll's ...
Registered in 0.004258 seconds.
Begin MonoManager ReloadAssembly
Native extension for WindowsStandalone target not found
Refreshing native plugins compatible for Editor in 1.38 ms, found 0 plugins.
Preloading 0 native plugins for Editor in 0.00 ms.
Invoked RoslynAnalysisRunner static constructor.
RoslynAnalysisRunner will not be running.
RoslynAnalysisRunner has terminated.
Mono: successfully reloaded assembly
- Completed reload, in  1.729 seconds
Platform modules already initialized, skipping
Shader 'Universal Render Pipeline/Particles/Lit': fallback shader 'Universal Render Pipeline/Particles/SimpleLit' not found
Refreshing native plugins compatible for Editor in 1.04 ms, found 0 plugins.
Preloading 0 native plugins for Editor in 0.00 ms.
Unloading 3042 Unused Serialized files (Serialized files now loaded: 0)
System memory in use before: 156.7 MB.
System memory in use after: 156.9 MB.

Unloading 107 unused Assets to reduce memory usage. Loaded Objects now: 3791.
Total: 4.253400 ms (FindLiveObjects: 0.707000 ms CreateObjectMapping: 0.190400 ms MarkObjects: 3.193900 ms  DeleteObjects: 0.160700 ms)

========================================================================
Received Prepare
Registering precompiled user dll's ...
Registered in 0.004946 seconds.
Begin MonoManager ReloadAssembly
Native extension for WindowsStandalone target not found
Refreshing native plugins compatible for Editor in 1.08 ms, found 0 plugins.
Preloading 0 native plugins for Editor in 0.00 ms.
Invoked RoslynAnalysisRunner static constructor.
RoslynAnalysisRunner will not be running.
RoslynAnalysisRunner has terminated.
Mono: successfully reloaded assembly
- Completed reload, in  1.687 seconds
Platform modules already initialized, skipping
Shader 'Universal Render Pipeline/Particles/Lit': fallback shader 'Universal Render Pipeline/Particles/SimpleLit' not found
Refreshing native plugins compatible for Editor in 1.10 ms, found 0 plugins.
Preloading 0 native plugins for Editor in 0.00 ms.
Unloading 3042 Unused Serialized files (Serialized files now loaded: 0)
System memory in use before: 156.7 MB.
System memory in use after: 156.9 MB.

Unloading 107 unused Assets to reduce memory usage. Loaded Objects now: 3793.
Total: 4.415800 ms (FindLiveObjects: 0.630700 ms CreateObjectMapping: 0.380000 ms MarkObjects: 3.238600 ms  DeleteObjects: 0.164800 ms)

========================================================================
Received Import Request.
  Time since last request: 1176.708152 seconds.
  path: Assets/engines/pikmin/captain/Cursor Shader Graph.shadergraph
  artifactKey: Guid(488fb5761f019bc479fe44dc2d37468e) Importer(815301076,1909f56bfc062723c751e8b465ee728b)
Start importing Assets/engines/pikmin/captain/Cursor Shader Graph.shadergraph using Guid(488fb5761f019bc479fe44dc2d37468e) Importer(815301076,1909f56bfc062723c751e8b465ee728b)  -> (artifact id: '557a80b2f9fe0e9fe7c5399c645485bd') in 0.055557 seconds
  Import took 0.065066 seconds .

