Using pre-set license
Built from '2020.2/release' branch; Version is '2020.2.0f1 (3721df5a8b28) revision 3613151'; Using compiler version '192528614'; Build Type 'Release'
OS: 'Windows 10  (10.0.0) 64bit' Language: 'en' Physical Memory: 16299 MB
BatchMode: 1, IsHumanControllingUs: 0, StartBugReporterOnCrash: 0, Is64bit: 1, IsPro: 0

 COMMAND LINE ARGUMENTS:
M:\Program Files\Unity Hub\Editor\2020.2.0f1\Editor\Unity.exe
-adb2
-batchMode
-noUpm
-name
AssetImportWorker1
-projectPath
R:/Documents/Unity Projects/Retro
-logFile
Logs/AssetImportWorker1.log
-srvPort
51883
Successfully changed project path to: R:/Documents/Unity Projects/Retro
R:/Documents/Unity Projects/Retro
Using Asset Import Pipeline V2.
Refreshing native plugins compatible for Editor in 102.28 ms, found 0 plugins.
Preloading 0 native plugins for Editor in 0.00 ms.
Initialize engine version: 2020.2.0f1 (3721df5a8b28)
[Subsystems] Discovering subsystems at path M:/Program Files/Unity Hub/Editor/2020.2.0f1/Editor/Data/Resources/UnitySubsystems
[Subsystems] Discovering subsystems at path R:/Documents/Unity Projects/Retro/Assets
GfxDevice: creating device client; threaded=0
Direct3D:
    Version:  Direct3D 11.0 [level 11.1]
    Renderer: NVIDIA GeForce GTX 1060 6GB (ID=0x1c03)
    Vendor:   
    VRAM:     6052 MB
    Driver:   30.0.14.7168
Shader 'Universal Render Pipeline/Particles/Lit': fallback shader 'Universal Render Pipeline/Particles/SimpleLit' not found
Initialize mono
Mono path[0] = 'M:/Program Files/Unity Hub/Editor/2020.2.0f1/Editor/Data/Managed'
Mono path[1] = 'M:/Program Files/Unity Hub/Editor/2020.2.0f1/Editor/Data/MonoBleedingEdge/lib/mono/unityjit'
Mono config path = 'M:/Program Files/Unity Hub/Editor/2020.2.0f1/Editor/Data/MonoBleedingEdge/etc'
Using monoOptions --debugger-agent=transport=dt_socket,embedding=1,server=y,suspend=n,address=127.0.0.1:56728
Begin MonoManager ReloadAssembly
Registering precompiled unity dll's ...
Register platform support module: M:/Program Files/Unity Hub/Editor/2020.2.0f1/Editor/Data/PlaybackEngines/WindowsStandaloneSupport/UnityEditor.WindowsStandalone.Extensions.dll
Registered in 0.003363 seconds.
Native extension for WindowsStandalone target not found
Refreshing native plugins compatible for Editor in 114.63 ms, found 0 plugins.
Preloading 0 native plugins for Editor in 0.00 ms.
Invoked RoslynAnalysisRunner static constructor.
RoslynAnalysisRunner will not be running.
RoslynAnalysisRunner has terminated.
Mono: successfully reloaded assembly
- Completed reload, in 10.827 seconds
Platform modules already initialized, skipping
Registering precompiled user dll's ...
Registered in 0.004771 seconds.
Begin MonoManager ReloadAssembly
Native extension for WindowsStandalone target not found
Refreshing native plugins compatible for Editor in 113.46 ms, found 0 plugins.
Preloading 0 native plugins for Editor in 0.00 ms.
Invoked RoslynAnalysisRunner static constructor.
RoslynAnalysisRunner will not be running.
RoslynAnalysisRunner has terminated.
Mono: successfully reloaded assembly
- Completed reload, in  3.050 seconds
Platform modules already initialized, skipping
========================================================================
Worker process is ready to serve import requests
Shader 'Universal Render Pipeline/Particles/Lit': fallback shader 'Universal Render Pipeline/Particles/SimpleLit' not found
Launched and connected shader compiler UnityShaderCompiler.exe after 0.26 seconds
Refreshing native plugins compatible for Editor in 1.37 ms, found 0 plugins.
Preloading 0 native plugins for Editor in 0.00 ms.
Unloading 3190 Unused Serialized files (Serialized files now loaded: 0)
System memory in use before: 148.7 MB.
System memory in use after: 148.9 MB.

Unloading 116 unused Assets to reduce memory usage. Loaded Objects now: 3619.
Total: 5.655100 ms (FindLiveObjects: 0.749400 ms CreateObjectMapping: 0.220700 ms MarkObjects: 4.140800 ms  DeleteObjects: 0.541300 ms)

========================================================================
Received Import Request.
  path: Assets/engines/pikmin/maps/DayNightCycle.cs
  artifactKey: Guid(7cdce1a1344f07a4b9390f31b9e3fd5c) Importer(815301076,1909f56bfc062723c751e8b465ee728b)
Start importing Assets/engines/pikmin/maps/DayNightCycle.cs using Guid(7cdce1a1344f07a4b9390f31b9e3fd5c) Importer(815301076,1909f56bfc062723c751e8b465ee728b)  -> (artifact id: '486d2569783341e2edb2cb34d3a135d8') in 0.159406 seconds
  Import took 0.167366 seconds .

========================================================================
Received Prepare
Registering precompiled user dll's ...
Registered in 0.004379 seconds.
Begin MonoManager ReloadAssembly
Native extension for WindowsStandalone target not found
Refreshing native plugins compatible for Editor in 1.05 ms, found 0 plugins.
Preloading 0 native plugins for Editor in 0.00 ms.
Invoked RoslynAnalysisRunner static constructor.
RoslynAnalysisRunner will not be running.
RoslynAnalysisRunner has terminated.
Mono: successfully reloaded assembly
- Completed reload, in  1.774 seconds
Platform modules already initialized, skipping
Shader 'Universal Render Pipeline/Particles/Lit': fallback shader 'Universal Render Pipeline/Particles/SimpleLit' not found
Refreshing native plugins compatible for Editor in 1.06 ms, found 0 plugins.
Preloading 0 native plugins for Editor in 0.00 ms.
Unloading 3048 Unused Serialized files (Serialized files now loaded: 0)
System memory in use before: 141.1 MB.
System memory in use after: 141.3 MB.

Unloading 107 unused Assets to reduce memory usage. Loaded Objects now: 3621.
Total: 5.849700 ms (FindLiveObjects: 0.623600 ms CreateObjectMapping: 0.171600 ms MarkObjects: 4.880500 ms  DeleteObjects: 0.171100 ms)

========================================================================
Received Import Request.
  Time since last request: 144.538108 seconds.
  path: Assets/engines/pikmin/maps/DayNightCycle.cs
  artifactKey: Guid(7cdce1a1344f07a4b9390f31b9e3fd5c) Importer(815301076,1909f56bfc062723c751e8b465ee728b)
Start importing Assets/engines/pikmin/maps/DayNightCycle.cs using Guid(7cdce1a1344f07a4b9390f31b9e3fd5c) Importer(815301076,1909f56bfc062723c751e8b465ee728b)  -> (artifact id: '2e406144b3840dec6d20e2af121bb017') in 0.035675 seconds
  Import took 0.043533 seconds .

========================================================================
Received Prepare
Registering precompiled user dll's ...
Registered in 0.003943 seconds.
Begin MonoManager ReloadAssembly
Native extension for WindowsStandalone target not found
Refreshing native plugins compatible for Editor in 1.11 ms, found 0 plugins.
Preloading 0 native plugins for Editor in 0.00 ms.
Invoked RoslynAnalysisRunner static constructor.
RoslynAnalysisRunner will not be running.
RoslynAnalysisRunner has terminated.
Mono: successfully reloaded assembly
- Completed reload, in  1.742 seconds
Platform modules already initialized, skipping
Shader 'Universal Render Pipeline/Particles/Lit': fallback shader 'Universal Render Pipeline/Particles/SimpleLit' not found
Refreshing native plugins compatible for Editor in 1.15 ms, found 0 plugins.
Preloading 0 native plugins for Editor in 0.00 ms.
Unloading 3048 Unused Serialized files (Serialized files now loaded: 0)
System memory in use before: 141.2 MB.
System memory in use after: 141.4 MB.

Unloading 107 unused Assets to reduce memory usage. Loaded Objects now: 3623.
Total: 4.494000 ms (FindLiveObjects: 0.761000 ms CreateObjectMapping: 0.221000 ms MarkObjects: 3.326400 ms  DeleteObjects: 0.183800 ms)

========================================================================
Received Import Request.
  Time since last request: 60.788092 seconds.
  path: Assets/engines/pikmin/maps/DayNightCycle.cs
  artifactKey: Guid(7cdce1a1344f07a4b9390f31b9e3fd5c) Importer(815301076,1909f56bfc062723c751e8b465ee728b)
Start importing Assets/engines/pikmin/maps/DayNightCycle.cs using Guid(7cdce1a1344f07a4b9390f31b9e3fd5c) Importer(815301076,1909f56bfc062723c751e8b465ee728b)  -> (artifact id: 'ec314af79d887c1c23b075889dbdf2de') in 0.045397 seconds
  Import took 0.056423 seconds .

========================================================================
Received Prepare
Registering precompiled user dll's ...
Registered in 0.004215 seconds.
Begin MonoManager ReloadAssembly
Native extension for WindowsStandalone target not found
Refreshing native plugins compatible for Editor in 1.08 ms, found 0 plugins.
Preloading 0 native plugins for Editor in 0.00 ms.
Invoked RoslynAnalysisRunner static constructor.
RoslynAnalysisRunner will not be running.
RoslynAnalysisRunner has terminated.
Mono: successfully reloaded assembly
- Completed reload, in  1.966 seconds
Platform modules already initialized, skipping
Shader 'Universal Render Pipeline/Particles/Lit': fallback shader 'Universal Render Pipeline/Particles/SimpleLit' not found
Refreshing native plugins compatible for Editor in 1.03 ms, found 0 plugins.
Preloading 0 native plugins for Editor in 0.00 ms.
Unloading 3048 Unused Serialized files (Serialized files now loaded: 0)
System memory in use before: 141.2 MB.
System memory in use after: 141.4 MB.

Unloading 107 unused Assets to reduce memory usage. Loaded Objects now: 3625.
Total: 5.696900 ms (FindLiveObjects: 0.760700 ms CreateObjectMapping: 0.258600 ms MarkObjects: 4.512300 ms  DeleteObjects: 0.163700 ms)

========================================================================
Received Prepare
Registering precompiled user dll's ...
Registered in 0.004006 seconds.
Begin MonoManager ReloadAssembly
Native extension for WindowsStandalone target not found
Refreshing native plugins compatible for Editor in 1.09 ms, found 0 plugins.
Preloading 0 native plugins for Editor in 0.00 ms.
Invoked RoslynAnalysisRunner static constructor.
RoslynAnalysisRunner will not be running.
RoslynAnalysisRunner has terminated.
Mono: successfully reloaded assembly
- Completed reload, in  1.772 seconds
Platform modules already initialized, skipping
Shader 'Universal Render Pipeline/Particles/Lit': fallback shader 'Universal Render Pipeline/Particles/SimpleLit' not found
Refreshing native plugins compatible for Editor in 1.04 ms, found 0 plugins.
Preloading 0 native plugins for Editor in 0.00 ms.
Unloading 3048 Unused Serialized files (Serialized files now loaded: 0)
System memory in use before: 141.2 MB.
System memory in use after: 141.4 MB.

Unloading 107 unused Assets to reduce memory usage. Loaded Objects now: 3627.
Total: 4.366700 ms (FindLiveObjects: 0.605600 ms CreateObjectMapping: 0.190200 ms MarkObjects: 3.406000 ms  DeleteObjects: 0.163500 ms)

========================================================================
Received Prepare
Registering precompiled user dll's ...
Registered in 0.005499 seconds.
Begin MonoManager ReloadAssembly
Native extension for WindowsStandalone target not found
Refreshing native plugins compatible for Editor in 1.50 ms, found 0 plugins.
Preloading 0 native plugins for Editor in 0.00 ms.
Invoked RoslynAnalysisRunner static constructor.
RoslynAnalysisRunner will not be running.
RoslynAnalysisRunner has terminated.
Mono: successfully reloaded assembly
- Completed reload, in  1.736 seconds
Platform modules already initialized, skipping
Shader 'Universal Render Pipeline/Particles/Lit': fallback shader 'Universal Render Pipeline/Particles/SimpleLit' not found
Refreshing native plugins compatible for Editor in 1.14 ms, found 0 plugins.
Preloading 0 native plugins for Editor in 0.00 ms.
Unloading 3048 Unused Serialized files (Serialized files now loaded: 0)
System memory in use before: 141.2 MB.
System memory in use after: 141.5 MB.

Unloading 107 unused Assets to reduce memory usage. Loaded Objects now: 3629.
Total: 4.132500 ms (FindLiveObjects: 0.590700 ms CreateObjectMapping: 0.170900 ms MarkObjects: 3.221900 ms  DeleteObjects: 0.146900 ms)

========================================================================
Received Prepare
Registering precompiled user dll's ...
Registered in 0.004292 seconds.
Begin MonoManager ReloadAssembly
Native extension for WindowsStandalone target not found
Refreshing native plugins compatible for Editor in 1.04 ms, found 0 plugins.
Preloading 0 native plugins for Editor in 0.00 ms.
Invoked RoslynAnalysisRunner static constructor.
RoslynAnalysisRunner will not be running.
RoslynAnalysisRunner has terminated.
Mono: successfully reloaded assembly
- Completed reload, in  1.764 seconds
Platform modules already initialized, skipping
Shader 'Universal Render Pipeline/Particles/Lit': fallback shader 'Universal Render Pipeline/Particles/SimpleLit' not found
Refreshing native plugins compatible for Editor in 1.19 ms, found 0 plugins.
Preloading 0 native plugins for Editor in 0.00 ms.
Unloading 3048 Unused Serialized files (Serialized files now loaded: 0)
System memory in use before: 141.2 MB.
System memory in use after: 141.5 MB.

Unloading 107 unused Assets to reduce memory usage. Loaded Objects now: 3631.
Total: 5.157000 ms (FindLiveObjects: 0.624000 ms CreateObjectMapping: 0.166700 ms MarkObjects: 4.193400 ms  DeleteObjects: 0.171500 ms)

========================================================================
Received Import Request.
  Time since last request: 267.617661 seconds.
  path: Assets/engines/pikmin/maps/New Physic Material.physicMaterial
  artifactKey: Guid(9e2ca53e452784d478f569ea20b1ee97) Importer(815301076,1909f56bfc062723c751e8b465ee728b)
Start importing Assets/engines/pikmin/maps/New Physic Material.physicMaterial using Guid(9e2ca53e452784d478f569ea20b1ee97) Importer(815301076,1909f56bfc062723c751e8b465ee728b)  -> (artifact id: 'b3ed51442f3186e8ad06e4f468d4a5ed') in 0.053797 seconds
  Import took 0.060530 seconds .

========================================================================
Received Prepare
Registering precompiled user dll's ...
Registered in 0.009425 seconds.
Begin MonoManager ReloadAssembly
Native extension for WindowsStandalone target not found
Refreshing native plugins compatible for Editor in 1.06 ms, found 0 plugins.
Preloading 0 native plugins for Editor in 0.00 ms.
Invoked RoslynAnalysisRunner static constructor.
RoslynAnalysisRunner will not be running.
RoslynAnalysisRunner has terminated.
Mono: successfully reloaded assembly
- Completed reload, in  1.622 seconds
Platform modules already initialized, skipping
Shader 'Universal Render Pipeline/Particles/Lit': fallback shader 'Universal Render Pipeline/Particles/SimpleLit' not found
Refreshing native plugins compatible for Editor in 1.04 ms, found 0 plugins.
Preloading 0 native plugins for Editor in 0.00 ms.
Unloading 3048 Unused Serialized files (Serialized files now loaded: 0)
System memory in use before: 141.3 MB.
System memory in use after: 141.5 MB.

Unloading 107 unused Assets to reduce memory usage. Loaded Objects now: 3633.
Total: 5.017800 ms (FindLiveObjects: 0.727900 ms CreateObjectMapping: 0.205100 ms MarkObjects: 3.925000 ms  DeleteObjects: 0.157200 ms)

